<?xml version="1.0" encoding="UTF-8"?>
<!-- Generated by org.testng.reporters.JUnitReportReporter -->
<testsuite hostname="DESKTOP-7DCAQK8" failures="0" tests="1" name="Day7.Faker_datagenerator" time="0.415" errors="0" timestamp="2023-09-09T23:22:31 IST" skipped="0">
  <testcase classname="Day7.Faker_datagenerator" name="OAUTH_2_authentication" time="0.415"/>
</testsuite> <!-- Day7.Faker_datagenerator -->
