<?xml version="1.0" encoding="UTF-8"?>
<!-- Generated by org.testng.reporters.JUnitReportReporter -->
<testsuite hostname="DESKTOP-7DCAQK8" failures="0" tests="1" name="Day5.ParsingXMLResponse" time="3.611" errors="0" timestamp="2023-09-08T20:09:36 IST" skipped="0">
  <testcase classname="Day5.ParsingXMLResponse" name="testXMLresponse2" time="3.611"/>
</testsuite> <!-- Day5.ParsingXMLResponse -->
