<?xml version="1.0" encoding="UTF-8"?>
<!-- Generated by org.testng.reporters.JUnitReportReporter -->
<testsuite hostname="DESKTOP-7DCAQK8" failures="0" tests="1" name="Day3.Login_or_log" time="2.622" errors="0" timestamp="2023-09-08T12:32:15 IST" skipped="0">
  <testcase classname="Day3.Login_or_log" name="testLogs" time="2.622"/>
</testsuite> <!-- Day3.Login_or_log -->
