<?xml version="1.0" encoding="UTF-8"?>
<!-- Generated by org.testng.reporters.JUnitReportReporter -->
<testsuite hostname="DESKTOP-7DCAQK8" failures="0" tests="1" name="Day3.Headers" time="2.543" errors="0" timestamp="2023-09-08T12:11:30 IST" skipped="0">
  <testcase classname="Day3.Headers" name="getheaders" time="2.543"/>
</testsuite> <!-- Day3.Headers -->
