<?xml version="1.0" encoding="UTF-8"?>
<!-- Generated by org.testng.reporters.JUnitReportReporter -->
<testsuite hostname="DESKTOP-7DCAQK8" failures="0" tests="1" name="Day6.XML_Schema_validation" time="1.884" errors="0" timestamp="2023-09-09T12:27:34 IST" skipped="0">
  <testcase classname="Day6.XML_Schema_validation" name="xmlschemavalidation" time="1.884"/>
</testsuite> <!-- Day6.XML_Schema_validation -->
