<?xml version="1.0" encoding="UTF-8"?>
<!-- Generated by org.testng.reporters.JUnitReportReporter -->
<testsuite hostname="DESKTOP-7DCAQK8" failures="0" tests="1" name="Day7.Authentications" time="4.057" errors="0" timestamp="2023-09-09T23:00:04 IST" skipped="0">
  <testcase classname="Day7.Authentications" name="testapikey_authentication" time="4.057"/>
</testsuite> <!-- Day7.Authentications -->
