<?xml version="1.0" encoding="UTF-8"?>
<!-- Generated by org.testng.reporters.JUnitReportReporter -->
<testsuite hostname="DESKTOP-7DCAQK8" failures="0" tests="1" name="Day3.PathandQueryParameters" time="2.239" errors="0" timestamp="2023-09-08T11:22:47 IST" skipped="0">
  <testcase classname="Day3.PathandQueryParameters" name="testqueryandpathparams" time="2.239"/>
</testsuite> <!-- Day3.PathandQueryParameters -->
