<?xml version="1.0" encoding="UTF-8"?>
<!-- Generated by org.testng.reporters.JUnitReportReporter -->
<testsuite hostname="DESKTOP-7DCAQK8" failures="0" tests="1" name="Day5.File_upload_download" time="3.952" errors="0" timestamp="2023-09-08T23:24:59 IST" skipped="0">
  <testcase classname="Day5.File_upload_download" name="multiplefileupload" time="3.952"/>
</testsuite> <!-- Day5.File_upload_download -->
