<?xml version="1.0" encoding="UTF-8"?>
<!-- Generated by org.testng.reporters.JUnitReportReporter -->
<testsuite hostname="DESKTOP-7DCAQK8" failures="0" tests="1" name="Day8.DeleteUser" time="0.284" errors="0" timestamp="2023-09-10T15:35:18 IST" skipped="0">
  <testcase classname="Day8.DeleteUser" name="deleteuser" time="0.284"/>
</testsuite> <!-- Day8.DeleteUser -->
