<?xml version="1.0" encoding="UTF-8"?>
<!-- Generated by org.testng.reporters.JUnitReportReporter -->
<testsuite hostname="DESKTOP-7DCAQK8" failures="0" tests="4" name="Day1.HttpRequests" time="5.548" errors="0" timestamp="2023-09-07T16:37:43 IST" skipped="0">
  <testcase classname="Day1.HttpRequests" name="getUsers" time="3.986"/>
  <testcase classname="Day1.HttpRequests" name="createUser" time="0.884"/>
  <testcase classname="Day1.HttpRequests" name="updateUser" time="0.349"/>
  <testcase classname="Day1.HttpRequests" name="deleteUser" time="0.329"/>
</testsuite> <!-- Day1.HttpRequests -->
