<?xml version="1.0" encoding="UTF-8"?>
<!-- Generated by org.testng.reporters.JUnitReportReporter -->
<testsuite hostname="DESKTOP-7DCAQK8" failures="0" tests="1" name="Day3.CookiesDemo" time="3.201" errors="0" timestamp="2023-09-08T11:58:56 IST" skipped="0">
  <testcase classname="Day3.CookiesDemo" name="capturecookiesinfo" time="3.201"/>
</testsuite> <!-- Day3.CookiesDemo -->
