<?xml version="1.0" encoding="UTF-8"?>
<!-- Generated by org.testng.reporters.JUnitReportReporter -->
<testsuite hostname="DESKTOP-7DCAQK8" failures="0" tests="1" name="Day6.Serialization_Deserialization" time="0.495" errors="0" timestamp="2023-09-09T15:29:16 IST" skipped="0">
  <testcase classname="Day6.Serialization_Deserialization" name="convertJSONtoPOJO" time="0.495"/>
</testsuite> <!-- Day6.Serialization_Deserialization -->
