<?xml version="1.0" encoding="UTF-8"?>
<!-- Generated by org.testng.reporters.JUnitReportReporter -->
<testsuite hostname="DESKTOP-7DCAQK8" failures="0" tests="1" name="Day6.JSON_SchemaValidation" time="3.530" errors="0" timestamp="2023-09-09T11:47:51 IST" skipped="0">
  <testcase classname="Day6.JSON_SchemaValidation" name="schemavalidation" time="3.530"/>
</testsuite> <!-- Day6.JSON_SchemaValidation -->
