<?xml version="1.0" encoding="UTF-8"?>
<!-- Generated by org.testng.reporters.JUnitReportReporter -->
<testsuite hostname="DESKTOP-7DCAQK8" failures="0" tests="1" name="Day8.UpdateUser" time="0.449" errors="0" timestamp="2023-09-10T15:35:18 IST" skipped="0">
  <testcase classname="Day8.UpdateUser" name="updateuser" time="0.449"/>
</testsuite> <!-- Day8.UpdateUser -->
