<?xml version="1.0" encoding="UTF-8"?>
<!-- Generated by org.testng.reporters.JUnitReportReporter -->
<testsuite hostname="DESKTOP-7DCAQK8" failures="0" tests="2" name="Day2.WaysToCreatePOSTrequestBody" time="2.565" errors="0" timestamp="2023-09-07T22:40:55 IST" skipped="0">
  <testcase classname="Day2.WaysToCreatePOSTrequestBody" name="testPOSTusingexternalJSON" time="2.507"/>
  <testcase classname="Day2.WaysToCreatePOSTrequestBody" name="testDELETErecord" time="0.058"/>
</testsuite> <!-- Day2.WaysToCreatePOSTrequestBody -->
